Timestep  Iteration  resNorm(0)  
1  1  0.0000000000000000  
1  2  0.0000000000000000  
1  3  0.0000000000000000  
2  1  0.0000000000000000  
2  2  0.0000000000000000  
2  3  0.0000000000000000  
3  1  0.0000000000000000  
3  2  0.0000000000000000  
3  3  0.0000000000000000  
4  1  0.0000000000000000  
4  2  0.0000000000000000  
4  3  0.0000000000000000  
5  1  0.0000000000000000  
5  2  0.0000000000000000  
5  3  0.0000000000000000  
6  1  0.0000000000000000  
6  2  0.0000000000000000  
6  3  0.0000000000000000  
7  1  0.0000000000000000  
7  2  0.0000000000000000  
7  3  0.0000000000000000  
8  1  0.0000000000000000  
8  2  0.0000000000000000  
8  3  0.0000000000000000  
9  1  0.0000000000000000  
9  2  0.0000000000000000  
9  3  0.0000000000000000  
10  1  0.0000000000000000  
10  2  0.0000000000000000  
10  3  0.0000000000000000  
11  1  0.0000000000000000  
11  2  0.0000000000000000  
11  3  0.0000000000000000  
12  1  0.0000000000000000  
12  2  0.0000000000000000  
12  3  0.0000000000000000  
13  1  0.0000000000000000  
13  2  0.0000000000000000  
13  3  0.0000000000000000  
14  1  0.0000000000000000  
14  2  0.0000000000000000  
14  3  0.0000000000000000  
15  1  0.0000000000000000  
15  2  0.0000000000000000  
15  3  0.0000000000000000  
16  1  0.0000000000000000  
16  2  0.0000000000000000  
16  3  0.0000000000000000  
17  1  0.0000000000000000  
17  2  0.0000000000000000  
17  3  0.0000000000000000  
18  1  0.0000000000000000  
18  2  0.0000000000000000  
18  3  0.0000000000000000  
19  1  0.0000000000000000  
19  2  0.0000000000000000  
19  3  0.0000000000000000  
20  1  0.0000000000000000  
20  2  0.0000000000000000  
20  3  0.0000000000000000  
21  1  0.0000000000000000  
21  2  0.0000000000000000  
21  3  0.0000000000000000  
22  1  0.0000000000000000  
22  2  0.0000000000000000  
22  3  0.0000000000000000  
23  1  0.0000000000000000  
23  2  0.0000000000000000  
23  3  0.0000000000000000  
24  1  0.0000000000000000  
24  2  0.0000000000000000  
24  3  0.0000000000000000  
25  1  0.0000000000000000  
25  2  0.0000000000000000  
25  3  0.0000000000000000  
26  1  0.0000000000000000  
26  2  0.0000000000000000  
26  3  0.0000000000000000  
27  1  0.0000000000000000  
27  2  0.0000000000000000  
27  3  0.0000000000000000  
28  1  0.0000000000000000  
28  2  0.0000000000000000  
28  3  0.0000000000000000  
29  1  0.0000000000000000  
29  2  0.0000000000000000  
29  3  0.0000000000000000  
30  1  0.0000000000000000  
30  2  0.0000000000000000  
30  3  0.0000000000000000  
31  1  0.0000000000000000  
31  2  0.0000000000000000  
31  3  0.0000000000000000  
32  1  0.0000000000000000  
32  2  0.0000000000000000  
32  3  0.0000000000000000  
33  1  0.0000000000000000  
33  2  0.0000000000000000  
33  3  0.0000000000000000  
34  1  0.0000000000000000  
34  2  0.0000000000000000  
34  3  0.0000000000000000  
35  1  0.0000000000000000  
35  2  0.0000000000000000  
35  3  0.0000000000000000  
36  1  0.0000000000000000  
36  2  0.0000000000000000  
36  3  0.0000000000000000  
37  1  0.0000000000000000  
37  2  0.0000000000000000  
37  3  0.0000000000000000  
38  1  0.0000000000000000  
38  2  0.0000000000000000  
38  3  0.0000000000000000  
39  1  0.0000000000000000  
39  2  0.0000000000000000  
39  3  0.0000000000000000  
40  1  0.0000000000000000  
40  2  0.0000000000000000  
40  3  0.0000000000000000  
41  1  0.0000000000000000  
41  2  0.0000000000000000  
41  3  0.0000000000000000  
42  1  0.0000000000000000  
42  2  0.0000000000000000  
42  3  0.0000000000000000  
43  1  0.0000000000000000  
43  2  0.0000000000000000  
43  3  0.0000000000000000  
44  1  0.0000000000000000  
44  2  0.0000000000000000  
44  3  0.0000000000000000  
45  1  0.0000000000000000  
45  2  0.0000000000000000  
45  3  0.0000000000000000  
46  1  0.0000000000000000  
46  2  0.0000000000000000  
46  3  0.0000000000000000  
47  1  0.0000000000000000  
47  2  0.0000000000000000  
47  3  0.0000000000000000  
48  1  0.0000000000000000  
48  2  0.0000000000000000  
48  3  0.0000000000000000  
49  1  0.0000000000000000  
49  2  0.0000000000000000  
49  3  0.0000000000000000  
50  1  0.0000000000000000  
50  2  0.0000000000000000  
50  3  0.0000000000000000  
51  1  0.0000000000000000  
51  2  0.0000000000000000  
51  3  0.0000000000000000  
52  1  0.0000000000000000  
52  2  0.0000000000000000  
52  3  0.0000000000000000  
53  1  0.0000000000000000  
53  2  0.0000000000000000  
53  3  0.0000000000000000  
54  1  0.0000000000000000  
54  2  0.0000000000000000  
54  3  0.0000000000000000  
55  1  0.0000000000000000  
55  2  0.0000000000000000  
55  3  0.0000000000000000  
56  1  0.0000000000000000  
56  2  0.0000000000000000  
56  3  0.0000000000000000  
57  1  0.0000000000000000  
57  2  0.0000000000000000  
57  3  0.0000000000000000  
58  1  0.0000000000000000  
58  2  0.0000000000000000  
58  3  0.0000000000000000  
59  1  0.0000000000000000  
59  2  0.0000000000000000  
59  3  0.0000000000000000  
60  1  0.0000000000000000  
60  2  0.0000000000000000  
60  3  0.0000000000000000  
61  1  0.0000000000000000  
61  2  0.0000000000000000  
61  3  0.0000000000000000  
62  1  0.0000000000000000  
62  2  0.0000000000000000  
62  3  0.0000000000000000  
63  1  0.0000000000000000  
63  2  0.0000000000000000  
63  3  0.0000000000000000  
64  1  0.0000000000000000  
64  2  0.0000000000000000  
64  3  0.0000000000000000  
65  1  0.0000000000000000  
65  2  0.0000000000000000  
65  3  0.0000000000000000  
66  1  0.0000000000000000  
66  2  0.0000000000000000  
66  3  0.0000000000000000  
67  1  0.0000000000000000  
67  2  0.0000000000000000  
67  3  0.0000000000000000  
68  1  0.0000000000000000  
68  2  0.0000000000000000  
68  3  0.0000000000000000  
69  1  0.0000000000000000  
69  2  0.0000000000000000  
69  3  0.0000000000000000  
70  1  0.0000000000000000  
70  2  0.0000000000000000  
70  3  0.0000000000000000  
71  1  0.0000000000000000  
71  2  0.0000000000000000  
71  3  0.0000000000000000  
72  1  0.0000000000000000  
72  2  0.0000000000000000  
72  3  0.0000000000000000  
73  1  0.0000000000000000  
73  2  0.0000000000000000  
73  3  0.0000000000000000  
74  1  0.0000000000000000  
74  2  0.0000000000000000  
74  3  0.0000000000000000  
75  1  0.0000000000000000  
75  2  0.0000000000000000  
75  3  0.0000000000000000  
76  1  0.0000000000000000  
76  2  0.0000000000000000  
76  3  0.0000000000000000  
77  1  0.0000000000000000  
77  2  0.0000000000000000  
77  3  0.0000000000000000  
78  1  0.0000000000000000  
78  2  0.0000000000000000  
78  3  0.0000000000000000  
79  1  0.0000000000000000  
79  2  0.0000000000000000  
79  3  0.0000000000000000  
80  1  0.0000000000000000  
80  2  0.0000000000000000  
80  3  0.0000000000000000  
81  1  0.0000000000000000  
81  2  0.0000000000000000  
81  3  0.0000000000000000  
82  1  0.0000000000000000  
82  2  0.0000000000000000  
82  3  0.0000000000000000  
83  1  0.0000000000000000  
83  2  0.0000000000000000  
83  3  0.0000000000000000  
84  1  0.0000000000000000  
84  2  0.0000000000000000  
84  3  0.0000000000000000  
85  1  0.0000000000000000  
85  2  0.0000000000000000  
85  3  0.0000000000000000  
86  1  0.0000000000000000  
86  2  0.0000000000000000  
86  3  0.0000000000000000  
87  1  0.0000000000000000  
87  2  0.0000000000000000  
87  3  0.0000000000000000  
88  1  0.0000000000000000  
88  2  0.0000000000000000  
88  3  0.0000000000000000  
89  1  0.0000000000000000  
89  2  0.0000000000000000  
89  3  0.0000000000000000  
90  1  0.0000000000000000  
90  2  0.0000000000000000  
90  3  0.0000000000000000  
91  1  0.0000000000000000  
91  2  0.0000000000000000  
91  3  0.0000000000000000  
92  1  0.0000000000000000  
92  2  0.0000000000000000  
92  3  0.0000000000000000  
93  1  0.0000000000000000  
93  2  0.0000000000000000  
93  3  0.0000000000000000  
94  1  0.0000000000000000  
94  2  0.0000000000000000  
94  3  0.0000000000000000  
95  1  0.0000000000000000  
95  2  0.0000000000000000  
95  3  0.0000000000000000  
96  1  0.0000000000000000  
96  2  0.0000000000000000  
96  3  0.0000000000000000  
97  1  0.0000000000000000  
97  2  0.0000000000000000  
97  3  0.0000000000000000  
98  1  0.0000000000000000  
98  2  0.0000000000000000  
98  3  0.0000000000000000  
99  1  0.0000000000000000  
99  2  0.0000000000000000  
99  3  0.0000000000000000  
100  1  0.0000000000000000  
100  2  0.0000000000000000  
100  3  0.0000000000000000  
101  1  0.0000000000000000  
101  2  0.0000000000000000  
101  3  0.0000000000000000  
102  1  0.0000000000000000  
102  2  0.0000000000000000  
102  3  0.0000000000000000  
103  1  0.0000000000000000  
103  2  0.0000000000000000  
103  3  0.0000000000000000  
104  1  0.0000000000000000  
104  2  0.0000000000000000  
104  3  0.0000000000000000  
105  1  0.0000000000000000  
105  2  0.0000000000000000  
105  3  0.0000000000000000  
106  1  0.0000000000000000  
106  2  0.0000000000000000  
106  3  0.0000000000000000  
107  1  0.0000000000000000  
107  2  0.0000000000000000  
107  3  0.0000000000000000  
108  1  0.0000000000000000  
108  2  0.0000000000000000  
108  3  0.0000000000000000  
109  1  0.0000000000000000  
109  2  0.0000000000000000  
109  3  0.0000000000000000  
110  1  0.0000000000000000  
110  2  0.0000000000000000  
110  3  0.0000000000000000  
111  1  0.0000000000000000  
111  2  0.0000000000000000  
111  3  0.0000000000000000  
112  1  0.0000000000000000  
112  2  0.0000000000000000  
112  3  0.0000000000000000  
113  1  0.0000000000000000  
113  2  0.0000000000000000  
113  3  0.0000000000000000  
114  1  0.0000000000000000  
114  2  0.0000000000000000  
114  3  0.0000000000000000  
115  1  0.0000000000000000  
115  2  0.0000000000000000  
115  3  0.0000000000000000  
116  1  0.0000000000000000  
116  2  0.0000000000000000  
116  3  0.0000000000000000  
117  1  0.0000000000000000  
117  2  0.0000000000000000  
117  3  0.0000000000000000  
118  1  0.0000000000000000  
118  2  0.0000000000000000  
118  3  0.0000000000000000  
119  1  0.0000000000000000  
119  2  0.0000000000000000  
119  3  0.0000000000000000  
120  1  0.0000000000000000  
120  2  0.0000000000000000  
120  3  0.0000000000000000  
121  1  0.0000000000000000  
121  2  0.0000000000000000  
121  3  0.0000000000000000  
122  1  0.0000000000000000  
122  2  0.0000000000000000  
122  3  0.0000000000000000  
123  1  0.0000000000000000  
123  2  0.0000000000000000  
123  3  0.0000000000000000  
124  1  0.0000000000000000  
124  2  0.0000000000000000  
124  3  0.0000000000000000  
125  1  0.0000000000000000  
125  2  0.0000000000000000  
125  3  0.0000000000000000  
126  1  0.0000000000000000  
126  2  0.0000000000000000  
126  3  0.0000000000000000  
127  1  0.0000000000000000  
127  2  0.0000000000000000  
127  3  0.0000000000000000  
128  1  0.0000000000000000  
128  2  0.0000000000000000  
128  3  0.0000000000000000  
129  1  0.0000000000000000  
129  2  0.0000000000000000  
129  3  0.0000000000000000  
130  1  0.0000000000000000  
130  2  0.0000000000000000  
130  3  0.0000000000000000  
131  1  0.0000000000000000  
131  2  0.0000000000000000  
131  3  0.0000000000000000  
132  1  0.0000000000000000  
132  2  0.0000000000000000  
132  3  0.0000000000000000  
133  1  0.0000000000000000  
133  2  0.0000000000000000  
133  3  0.0000000000000000  
134  1  0.0000000000000000  
134  2  0.0000000000000000  
134  3  0.0000000000000000  
135  1  0.0000000000000000  
135  2  0.0000000000000000  
135  3  0.0000000000000000  
136  1  0.0000000000000000  
136  2  0.0000000000000000  
136  3  0.0000000000000000  
137  1  0.0000000000000000  
137  2  0.0000000000000000  
137  3  0.0000000000000000  
138  1  0.0000000000000000  
138  2  0.0000000000000000  
138  3  0.0000000000000000  
139  1  0.0000000000000000  
139  2  0.0000000000000000  
139  3  0.0000000000000000  
140  1  0.0000000000000000  
140  2  0.0000000000000000  
140  3  0.0000000000000000  
141  1  0.0000000000000000  
141  2  0.0000000000000000  
141  3  0.0000000000000000  
142  1  0.0000000000000000  
142  2  0.0000000000000000  
142  3  0.0000000000000000  
143  1  0.0000000000000000  
143  2  0.0000000000000000  
143  3  0.0000000000000000  
144  1  0.0000000000000000  
144  2  0.0000000000000000  
144  3  0.0000000000000000  
145  1  0.0000000000000000  
145  2  0.0000000000000000  
145  3  0.0000000000000000  
146  1  0.0000000000000000  
146  2  0.0000000000000000  
146  3  0.0000000000000000  
147  1  0.0000000000000000  
147  2  0.0000000000000000  
147  3  0.0000000000000000  
148  1  0.0000000000000000  
148  2  0.0000000000000000  
148  3  0.0000000000000000  
149  1  0.0000000000000000  
149  2  0.0000000000000000  
149  3  0.0000000000000000  
150  1  0.0000000000000000  
150  2  0.0000000000000000  
150  3  0.0000000000000000  
151  1  0.0000000000000000  
151  2  0.0000000000000000  
151  3  0.0000000000000000  
152  1  0.0000000000000000  
152  2  0.0000000000000000  
152  3  0.0000000000000000  
153  1  0.0000000000000000  
153  2  0.0000000000000000  
153  3  0.0000000000000000  
154  1  0.0000000000000000  
154  2  0.0000000000000000  
154  3  0.0000000000000000  
155  1  0.0000000000000000  
155  2  0.0000000000000000  
155  3  0.0000000000000000  
156  1  0.0000000000000000  
156  2  0.0000000000000000  
156  3  0.0000000000000000  
157  1  0.0000000000000000  
157  2  0.0000000000000000  
157  3  0.0000000000000000  
158  1  0.0000000000000000  
158  2  0.0000000000000000  
158  3  0.0000000000000000  
159  1  0.0000000000000000  
159  2  0.0000000000000000  
159  3  0.0000000000000000  
160  1  0.0000000000000000  
160  2  0.0000000000000000  
160  3  0.0000000000000000  
161  1  0.0000000000000000  
161  2  0.0000000000000000  
161  3  0.0000000000000000  
162  1  0.0000000000000000  
162  2  0.0000000000000000  
162  3  0.0000000000000000  
163  1  0.0000000000000000  
163  2  0.0000000000000000  
163  3  0.0000000000000000  
164  1  0.0000000000000000  
164  2  0.0000000000000000  
164  3  0.0000000000000000  
165  1  0.0000000000000000  
165  2  0.0000000000000000  
165  3  0.0000000000000000  
166  1  0.0000000000000000  
166  2  0.0000000000000000  
166  3  0.0000000000000000  
167  1  0.0000000000000000  
167  2  0.0000000000000000  
167  3  0.0000000000000000  
168  1  0.0000000000000000  
168  2  0.0000000000000000  
168  3  0.0000000000000000  
169  1  0.0000000000000000  
169  2  0.0000000000000000  
169  3  0.0000000000000000  
170  1  0.0000000000000000  
170  2  0.0000000000000000  
170  3  0.0000000000000000  
171  1  0.0000000000000000  
171  2  0.0000000000000000  
171  3  0.0000000000000000  
172  1  0.0000000000000000  
172  2  0.0000000000000000  
172  3  0.0000000000000000  
173  1  0.0000000000000000  
173  2  0.0000000000000000  
173  3  0.0000000000000000  
174  1  0.0000000000000000  
174  2  0.0000000000000000  
174  3  0.0000000000000000  
175  1  0.0000000000000000  
175  2  0.0000000000000000  
175  3  0.0000000000000000  
176  1  0.0000000000000000  
176  2  0.0000000000000000  
176  3  0.0000000000000000  
177  1  0.0000000000000000  
177  2  0.0000000000000000  
177  3  0.0000000000000000  
178  1  0.0000000000000000  
178  2  0.0000000000000000  
178  3  0.0000000000000000  
179  1  0.0000000000000000  
179  2  0.0000000000000000  
179  3  0.0000000000000000  
180  1  0.0000000000000000  
180  2  0.0000000000000000  
180  3  0.0000000000000000  
181  1  0.0000000000000000  
181  2  0.0000000000000000  
181  3  0.0000000000000000  
182  1  0.0000000000000000  
182  2  0.0000000000000000  
182  3  0.0000000000000000  
183  1  0.0000000000000000  
183  2  0.0000000000000000  
183  3  0.0000000000000000  
184  1  0.0000000000000000  
184  2  0.0000000000000000  
184  3  0.0000000000000000  
185  1  0.0000000000000000  
185  2  0.0000000000000000  
185  3  0.0000000000000000  
186  1  0.0000000000000000  
186  2  0.0000000000000000  
186  3  0.0000000000000000  
187  1  0.0000000000000000  
187  2  0.0000000000000000  
187  3  0.0000000000000000  
188  1  0.0000000000000000  
188  2  0.0000000000000000  
188  3  0.0000000000000000  
189  1  0.0000000000000000  
189  2  0.0000000000000000  
189  3  0.0000000000000000  
190  1  0.0000000000000000  
190  2  0.0000000000000000  
190  3  0.0000000000000000  
191  1  0.0000000000000000  
191  2  0.0000000000000000  
191  3  0.0000000000000000  
192  1  0.0000000000000000  
192  2  0.0000000000000000  
192  3  0.0000000000000000  
193  1  0.0000000000000000  
193  2  0.0000000000000000  
193  3  0.0000000000000000  
194  1  0.0000000000000000  
194  2  0.0000000000000000  
194  3  0.0000000000000000  
195  1  0.0000000000000000  
195  2  0.0000000000000000  
195  3  0.0000000000000000  
196  1  0.0000000000000000  
196  2  0.0000000000000000  
196  3  0.0000000000000000  
197  1  0.0000000000000000  
197  2  0.0000000000000000  
197  3  0.0000000000000000  
198  1  0.0000000000000000  
198  2  0.0000000000000000  
198  3  0.0000000000000000  
199  1  0.0000000000000000  
199  2  0.0000000000000000  
199  3  0.0000000000000000  
200  1  0.0000000000000000  
200  2  0.0000000000000000  
200  3  0.0000000000000000  
201  1  0.0000000000000000  
201  2  0.0000000000000000  
201  3  0.0000000000000000  
202  1  0.0000000000000000  
202  2  0.0000000000000000  
202  3  0.0000000000000000  
203  1  0.0000000000000000  
203  2  0.0000000000000000  
203  3  0.0000000000000000  
204  1  0.0000000000000000  
204  2  0.0000000000000000  
204  3  0.0000000000000000  
205  1  0.0000000000000000  
205  2  0.0000000000000000  
205  3  0.0000000000000000  
206  1  0.0000000000000000  
206  2  0.0000000000000000  
206  3  0.0000000000000000  
207  1  0.0000000000000000  
207  2  0.0000000000000000  
207  3  0.0000000000000000  
208  1  0.0000000000000000  
208  2  0.0000000000000000  
208  3  0.0000000000000000  
209  1  0.0000000000000000  
209  2  0.0000000000000000  
209  3  0.0000000000000000  
210  1  0.0000000000000000  
210  2  0.0000000000000000  
210  3  0.0000000000000000  
211  1  0.0000000000000000  
211  2  0.0000000000000000  
211  3  0.0000000000000000  
212  1  0.0000000000000000  
212  2  0.0000000000000000  
212  3  0.0000000000000000  
213  1  0.0000000000000000  
213  2  0.0000000000000000  
213  3  0.0000000000000000  
214  1  0.0000000000000000  
214  2  0.0000000000000000  
214  3  0.0000000000000000  
215  1  0.0000000000000000  
215  2  0.0000000000000000  
215  3  0.0000000000000000  
216  1  0.0000000000000000  
216  2  0.0000000000000000  
216  3  0.0000000000000000  
217  1  0.0000000000000000  
217  2  0.0000000000000000  
217  3  0.0000000000000000  
218  1  0.0000000000000000  
218  2  0.0000000000000000  
218  3  0.0000000000000000  
219  1  0.0000000000000000  
219  2  0.0000000000000000  
219  3  0.0000000000000000  
220  1  0.0000000000000000  
220  2  0.0000000000000000  
220  3  0.0000000000000000  
221  1  0.0000000000000000  
221  2  0.0000000000000000  
221  3  0.0000000000000000  
222  1  0.0000000000000000  
222  2  0.0000000000000000  
222  3  0.0000000000000000  
223  1  0.0000000000000000  
223  2  0.0000000000000000  
223  3  0.0000000000000000  
224  1  0.0000000000000000  
224  2  0.0000000000000000  
224  3  0.0000000000000000  
225  1  0.0000000000000000  
225  2  0.0000000000000000  
225  3  0.0000000000000000  
226  1  0.0000000000000000  
226  2  0.0000000000000000  
226  3  0.0000000000000000  
227  1  0.0000000000000000  
227  2  0.0000000000000000  
227  3  0.0000000000000000  
228  1  0.0000000000000000  
228  2  0.0000000000000000  
228  3  0.0000000000000000  
229  1  0.0000000000000000  
229  2  0.0000000000000000  
229  3  0.0000000000000000  
230  1  0.0000000000000000  
230  2  0.0000000000000000  
230  3  0.0000000000000000  
231  1  0.0000000000000000  
231  2  0.0000000000000000  
231  3  0.0000000000000000  
232  1  0.0000000000000000  
232  2  0.0000000000000000  
232  3  0.0000000000000000  
233  1  0.0000000000000000  
233  2  0.0000000000000000  
233  3  0.0000000000000000  
234  1  0.0000000000000000  
234  2  0.0000000000000000  
234  3  0.0000000000000000  
235  1  0.0000000000000000  
235  2  0.0000000000000000  
235  3  0.0000000000000000  
236  1  0.0000000000000000  
236  2  0.0000000000000000  
236  3  0.0000000000000000  
237  1  0.0000000000000000  
237  2  0.0000000000000000  
237  3  0.0000000000000000  
238  1  0.0000000000000000  
238  2  0.0000000000000000  
238  3  0.0000000000000000  
239  1  0.0000000000000000  
239  2  0.0000000000000000  
239  3  0.0000000000000000  
240  1  0.0000000000000000  
240  2  0.0000000000000000  
240  3  0.0000000000000000  
241  1  0.0000000000000000  
241  2  0.0000000000000000  
241  3  0.0000000000000000  
242  1  0.0000000000000000  
242  2  0.0000000000000000  
242  3  0.0000000000000000  
243  1  0.0000000000000000  
243  2  0.0000000000000000  
243  3  0.0000000000000000  
244  1  0.0000000000000000  
244  2  0.0000000000000000  
244  3  0.0000000000000000  
245  1  0.0000000000000000  
245  2  0.0000000000000000  
245  3  0.0000000000000000  
246  1  0.0000000000000000  
246  2  0.0000000000000000  
246  3  0.0000000000000000  
247  1  0.0000000000000000  
247  2  0.0000000000000000  
247  3  0.0000000000000000  
248  1  0.0000000000000000  
248  2  0.0000000000000000  
248  3  0.0000000000000000  
249  1  0.0000000000000000  
249  2  0.0000000000000000  
249  3  0.0000000000000000  
250  1  0.0000000000000000  
250  2  0.0000000000000000  
250  3  0.0000000000000000  
251  1  0.0000000000000000  
251  2  0.0000000000000000  
251  3  0.0000000000000000  
252  1  0.0000000000000000  
252  2  0.0000000000000000  
252  3  0.0000000000000000  
253  1  0.0000000000000000  
253  2  0.0000000000000000  
253  3  0.0000000000000000  
254  1  0.0000000000000000  
254  2  0.0000000000000000  
254  3  0.0000000000000000  
255  1  0.0000000000000000  
255  2  0.0000000000000000  
255  3  0.0000000000000000  
256  1  0.0000000000000000  
256  2  0.0000000000000000  
256  3  0.0000000000000000  
257  1  0.0000000000000000  
257  2  0.0000000000000000  
257  3  0.0000000000000000  
258  1  0.0000000000000000  
258  2  0.0000000000000000  
258  3  0.0000000000000000  
259  1  0.0000000000000000  
259  2  0.0000000000000000  
259  3  0.0000000000000000  
260  1  0.0000000000000000  
260  2  0.0000000000000000  
260  3  0.0000000000000000  
261  1  0.0000000000000000  
261  2  0.0000000000000000  
261  3  0.0000000000000000  
262  1  0.0000000000000000  
262  2  0.0000000000000000  
262  3  0.0000000000000000  
263  1  0.0000000000000000  
263  2  0.0000000000000000  
263  3  0.0000000000000000  
264  1  0.0000000000000000  
264  2  0.0000000000000000  
264  3  0.0000000000000000  
265  1  0.0000000000000000  
265  2  0.0000000000000000  
265  3  0.0000000000000000  
266  1  0.0000000000000000  
266  2  0.0000000000000000  
266  3  0.0000000000000000  
267  1  0.0000000000000000  
267  2  0.0000000000000000  
267  3  0.0000000000000000  
268  1  0.0000000000000000  
268  2  0.0000000000000000  
268  3  0.0000000000000000  
269  1  0.0000000000000000  
269  2  0.0000000000000000  
269  3  0.0000000000000000  
270  1  0.0000000000000000  
270  2  0.0000000000000000  
270  3  0.0000000000000000  
271  1  0.0000000000000000  
271  2  0.0000000000000000  
271  3  0.0000000000000000  
272  1  0.0000000000000000  
272  2  0.0000000000000000  
272  3  0.0000000000000000  
273  1  0.0000000000000000  
273  2  0.0000000000000000  
273  3  0.0000000000000000  
274  1  0.0000000000000000  
274  2  0.0000000000000000  
274  3  0.0000000000000000  
275  1  0.0000000000000000  
275  2  0.0000000000000000  
275  3  0.0000000000000000  
276  1  0.0000000000000000  
276  2  0.0000000000000000  
276  3  0.0000000000000000  
277  1  0.0000000000000000  
277  2  0.0000000000000000  
277  3  0.0000000000000000  
278  1  0.0000000000000000  
278  2  0.0000000000000000  
278  3  0.0000000000000000  
279  1  0.0000000000000000  
279  2  0.0000000000000000  
279  3  0.0000000000000000  
280  1  0.0000000000000000  
280  2  0.0000000000000000  
280  3  0.0000000000000000  
281  1  0.0000000000000000  
281  2  0.0000000000000000  
281  3  0.0000000000000000  
282  1  0.0000000000000000  
282  2  0.0000000000000000  
282  3  0.0000000000000000  
283  1  0.0000000000000000  
283  2  0.0000000000000000  
283  3  0.0000000000000000  
284  1  0.0000000000000000  
284  2  0.0000000000000000  
284  3  0.0000000000000000  
285  1  0.0000000000000000  
285  2  0.0000000000000000  
285  3  0.0000000000000000  
286  1  0.0000000000000000  
286  2  0.0000000000000000  
286  3  0.0000000000000000  
287  1  0.0000000000000000  
287  2  0.0000000000000000  
287  3  0.0000000000000000  
288  1  0.0000000000000000  
288  2  0.0000000000000000  
288  3  0.0000000000000000  
289  1  0.0000000000000000  
289  2  0.0000000000000000  
289  3  0.0000000000000000  
290  1  0.0000000000000000  
290  2  0.0000000000000000  
290  3  0.0000000000000000  
291  1  0.0000000000000000  
291  2  0.0000000000000000  
291  3  0.0000000000000000  
292  1  0.0000000000000000  
292  2  0.0000000000000000  
292  3  0.0000000000000000  
293  1  0.0000000000000000  
293  2  0.0000000000000000  
293  3  0.0000000000000000  
294  1  0.0000000000000000  
294  2  0.0000000000000000  
294  3  0.0000000000000000  
295  1  0.0000000000000000  
295  2  0.0000000000000000  
295  3  0.0000000000000000  
296  1  0.0000000000000000  
296  2  0.0000000000000000  
296  3  0.0000000000000000  
297  1  0.0000000000000000  
297  2  0.0000000000000000  
297  3  0.0000000000000000  
298  1  0.0000000000000000  
298  2  0.0000000000000000  
298  3  0.0000000000000000  
299  1  0.0000000000000000  
299  2  0.0000000000000000  
299  3  0.0000000000000000  
300  1  0.0000000000000000  
300  2  0.0000000000000000  
300  3  0.0000000000000000  
301  1  0.0000000000000000  
301  2  0.0000000000000000  
301  3  0.0000000000000000  
302  1  0.0000000000000000  
302  2  0.0000000000000000  
302  3  0.0000000000000000  
303  1  0.0000000000000000  
303  2  0.0000000000000000  
303  3  0.0000000000000000  
304  1  0.0000000000000000  
304  2  0.0000000000000000  
304  3  0.0000000000000000  
305  1  0.0000000000000000  
305  2  0.0000000000000000  
305  3  0.0000000000000000  
306  1  0.0000000000000000  
306  2  0.0000000000000000  
306  3  0.0000000000000000  
307  1  0.0000000000000000  
307  2  0.0000000000000000  
307  3  0.0000000000000000  
308  1  0.0000000000000000  
308  2  0.0000000000000000  
308  3  0.0000000000000000  
309  1  0.0000000000000000  
309  2  0.0000000000000000  
309  3  0.0000000000000000  
310  1  0.0000000000000000  
310  2  0.0000000000000000  
310  3  0.0000000000000000  
311  1  0.0000000000000000  
311  2  0.0000000000000000  
311  3  0.0000000000000000  
312  1  0.0000000000000000  
312  2  0.0000000000000000  
312  3  0.0000000000000000  
313  1  0.0000000000000000  
313  2  0.0000000000000000  
313  3  0.0000000000000000  
314  1  0.0000000000000000  
314  2  0.0000000000000000  
314  3  0.0000000000000000  
315  1  0.0000000000000000  
315  2  0.0000000000000000  
315  3  0.0000000000000000  
316  1  0.0000000000000000  
316  2  0.0000000000000000  
316  3  0.0000000000000000  
317  1  0.0000000000000000  
317  2  0.0000000000000000  
317  3  0.0000000000000000  
318  1  0.0000000000000000  
318  2  0.0000000000000000  
318  3  0.0000000000000000  
319  1  0.0000000000000000  
319  2  0.0000000000000000  
319  3  0.0000000000000000  
320  1  0.0000000000000000  
320  2  0.0000000000000000  
320  3  0.0000000000000000  
321  1  0.0000000000000000  
321  2  0.0000000000000000  
321  3  0.0000000000000000  
322  1  0.0000000000000000  
322  2  0.0000000000000000  
322  3  0.0000000000000000  
323  1  0.0000000000000000  
323  2  0.0000000000000000  
323  3  0.0000000000000000  
324  1  0.0000000000000000  
324  2  0.0000000000000000  
324  3  0.0000000000000000  
325  1  0.0000000000000000  
325  2  0.0000000000000000  
325  3  0.0000000000000000  
326  1  0.0000000000000000  
326  2  0.0000000000000000  
326  3  0.0000000000000000  
327  1  0.0000000000000000  
327  2  0.0000000000000000  
327  3  0.0000000000000000  
328  1  0.0000000000000000  
328  2  0.0000000000000000  
328  3  0.0000000000000000  
329  1  0.0000000000000000  
329  2  0.0000000000000000  
329  3  0.0000000000000000  
330  1  0.0000000000000000  
330  2  0.0000000000000000  
330  3  0.0000000000000000  
331  1  0.0000000000000000  
331  2  0.0000000000000000  
331  3  0.0000000000000000  
332  1  0.0000000000000000  
332  2  0.0000000000000000  
332  3  0.0000000000000000  
333  1  0.0000000000000000  
333  2  0.0000000000000000  
333  3  0.0000000000000000  
334  1  0.0000000000000000  
334  2  0.0000000000000000  
334  3  0.0000000000000000  
335  1  0.0000000000000000  
335  2  0.0000000000000000  
335  3  0.0000000000000000  
336  1  0.0000000000000000  
336  2  0.0000000000000000  
336  3  0.0000000000000000  
337  1  0.0000000000000000  
337  2  0.0000000000000000  
337  3  0.0000000000000000  
338  1  0.0000000000000000  
338  2  0.0000000000000000  
338  3  0.0000000000000000  
339  1  0.0000000000000000  
339  2  0.0000000000000000  
339  3  0.0000000000000000  
340  1  0.0000000000000000  
340  2  0.0000000000000000  
340  3  0.0000000000000000  
341  1  0.0000000000000000  
341  2  0.0000000000000000  
341  3  0.0000000000000000  
342  1  0.0000000000000000  
342  2  0.0000000000000000  
342  3  0.0000000000000000  
343  1  0.0000000000000000  
343  2  0.0000000000000000  
343  3  0.0000000000000000  
344  1  0.0000000000000000  
344  2  0.0000000000000000  
344  3  0.0000000000000000  
345  1  0.0000000000000000  
345  2  0.0000000000000000  
345  3  0.0000000000000000  
346  1  0.0000000000000000  
346  2  0.0000000000000000  
346  3  0.0000000000000000  
347  1  0.0000000000000000  
347  2  0.0000000000000000  
347  3  0.0000000000000000  
348  1  0.0000000000000000  
348  2  0.0000000000000000  
348  3  0.0000000000000000  
349  1  0.0000000000000000  
349  2  0.0000000000000000  
349  3  0.0000000000000000  
350  1  0.0000000000000000  
350  2  0.0000000000000000  
350  3  0.0000000000000000  
351  1  0.0000000000000000  
351  2  0.0000000000000000  
351  3  0.0000000000000000  
352  1  0.0000000000000000  
352  2  0.0000000000000000  
352  3  0.0000000000000000  
353  1  0.0000000000000000  
353  2  0.0000000000000000  
353  3  0.0000000000000000  
354  1  0.0000000000000000  
354  2  0.0000000000000000  
354  3  0.0000000000000000  
355  1  0.0000000000000000  
355  2  0.0000000000000000  
355  3  0.0000000000000000  
356  1  0.0000000000000000  
356  2  0.0000000000000000  
356  3  0.0000000000000000  
357  1  0.0000000000000000  
357  2  0.0000000000000000  
357  3  0.0000000000000000  
358  1  0.0000000000000000  
358  2  0.0000000000000000  
358  3  0.0000000000000000  
359  1  0.0000000000000000  
359  2  0.0000000000000000  
359  3  0.0000000000000000  
360  1  0.0000000000000000  
360  2  0.0000000000000000  
360  3  0.0000000000000000  
361  1  0.0000000000000000  
361  2  0.0000000000000000  
361  3  0.0000000000000000  
362  1  0.0000000000000000  
362  2  0.0000000000000000  
362  3  0.0000000000000000  
363  1  0.0000000000000000  
363  2  0.0000000000000000  
363  3  0.0000000000000000  
364  1  0.0000000000000000  
364  2  0.0000000000000000  
364  3  0.0000000000000000  
365  1  0.0000000000000000  
365  2  0.0000000000000000  
365  3  0.0000000000000000  
366  1  0.0000000000000000  
366  2  0.0000000000000000  
366  3  0.0000000000000000  
367  1  0.0000000000000000  
367  2  0.0000000000000000  
367  3  0.0000000000000000  
368  1  0.0000000000000000  
368  2  0.0000000000000000  
368  3  0.0000000000000000  
369  1  0.0000000000000000  
369  2  0.0000000000000000  
369  3  0.0000000000000000  
370  1  0.0000000000000000  
370  2  0.0000000000000000  
370  3  0.0000000000000000  
371  1  0.0000000000000000  
371  2  0.0000000000000000  
371  3  0.0000000000000000  
372  1  0.0000000000000000  
372  2  0.0000000000000000  
372  3  0.0000000000000000  
373  1  0.0000000000000000  
373  2  0.0000000000000000  
373  3  0.0000000000000000  
374  1  0.0000000000000000  
374  2  0.0000000000000000  
374  3  0.0000000000000000  
375  1  0.0000000000000000  
375  2  0.0000000000000000  
375  3  0.0000000000000000  
376  1  0.0000000000000000  
376  2  0.0000000000000000  
376  3  0.0000000000000000  
377  1  0.0000000000000000  
377  2  0.0000000000000000  
377  3  0.0000000000000000  
378  1  0.0000000000000000  
378  2  0.0000000000000000  
378  3  0.0000000000000000  
379  1  0.0000000000000000  
379  2  0.0000000000000000  
379  3  0.0000000000000000  
380  1  0.0000000000000000  
380  2  0.0000000000000000  
380  3  0.0000000000000000  
381  1  0.0000000000000000  
381  2  0.0000000000000000  
381  3  0.0000000000000000  
382  1  0.0000000000000000  
382  2  0.0000000000000000  
382  3  0.0000000000000000  
383  1  0.0000000000000000  
383  2  0.0000000000000000  
383  3  0.0000000000000000  
384  1  0.0000000000000000  
384  2  0.0000000000000000  
384  3  0.0000000000000000  
385  1  0.0000000000000000  
385  2  0.0000000000000000  
385  3  0.0000000000000000  
386  1  0.0000000000000000  
386  2  0.0000000000000000  
386  3  0.0000000000000000  
387  1  0.0000000000000000  
387  2  0.0000000000000000  
387  3  0.0000000000000000  
388  1  0.0000000000000000  
388  2  0.0000000000000000  
388  3  0.0000000000000000  
389  1  0.0000000000000000  
389  2  0.0000000000000000  
389  3  0.0000000000000000  
390  1  0.0000000000000000  
390  2  0.0000000000000000  
390  3  0.0000000000000000  
391  1  0.0000000000000000  
391  2  0.0000000000000000  
391  3  0.0000000000000000  
392  1  0.0000000000000000  
392  2  0.0000000000000000  
392  3  0.0000000000000000  
393  1  0.0000000000000000  
393  2  0.0000000000000000  
393  3  0.0000000000000000  
394  1  0.0000000000000000  
394  2  0.0000000000000000  
394  3  0.0000000000000000  
395  1  0.0000000000000000  
395  2  0.0000000000000000  
395  3  0.0000000000000000  
396  1  0.0000000000000000  
396  2  0.0000000000000000  
396  3  0.0000000000000000  
397  1  0.0000000000000000  
397  2  0.0000000000000000  
397  3  0.0000000000000000  
398  1  0.0000000000000000  
398  2  0.0000000000000000  
398  3  0.0000000000000000  
399  1  0.0000000000000000  
399  2  0.0000000000000000  
399  3  0.0000000000000000  
400  1  0.0000000000000000  
400  2  0.0000000000000000  
400  3  0.0000000000000000  
401  1  0.0000000000000000  
401  2  0.0000000000000000  
401  3  0.0000000000000000  
402  1  0.0000000000000000  
402  2  0.0000000000000000  
402  3  0.0000000000000000  
403  1  0.0000000000000000  
403  2  0.0000000000000000  
403  3  0.0000000000000000  
404  1  0.0000000000000000  
404  2  0.0000000000000000  
404  3  0.0000000000000000  
405  1  0.0000000000000000  
405  2  0.0000000000000000  
405  3  0.0000000000000000  
406  1  0.0000000000000000  
406  2  0.0000000000000000  
406  3  0.0000000000000000  
407  1  0.0000000000000000  
407  2  0.0000000000000000  
407  3  0.0000000000000000  
408  1  0.0000000000000000  
408  2  0.0000000000000000  
408  3  0.0000000000000000  
409  1  0.0000000000000000  
409  2  0.0000000000000000  
409  3  0.0000000000000000  
410  1  0.0000000000000000  
410  2  0.0000000000000000  
410  3  0.0000000000000000  
411  1  0.0000000000000000  
411  2  0.0000000000000000  
411  3  0.0000000000000000  
412  1  0.0000000000000000  
412  2  0.0000000000000000  
412  3  0.0000000000000000  
413  1  0.0000000000000000  
413  2  0.0000000000000000  
413  3  0.0000000000000000  
414  1  0.0000000000000000  
414  2  0.0000000000000000  
414  3  0.0000000000000000  
415  1  0.0000000000000000  
415  2  0.0000000000000000  
415  3  0.0000000000000000  
416  1  0.0000000000000000  
416  2  0.0000000000000000  
416  3  0.0000000000000000  
417  1  0.0000000000000000  
417  2  0.0000000000000000  
417  3  0.0000000000000000  
418  1  0.0000000000000000  
418  2  0.0000000000000000  
418  3  0.0000000000000000  
419  1  0.0000000000000000  
419  2  0.0000000000000000  
419  3  0.0000000000000000  
420  1  0.0000000000000000  
420  2  0.0000000000000000  
420  3  0.0000000000000000  
421  1  0.0000000000000000  
421  2  0.0000000000000000  
421  3  0.0000000000000000  
422  1  0.0000000000000000  
422  2  0.0000000000000000  
422  3  0.0000000000000000  
423  1  0.0000000000000000  
423  2  0.0000000000000000  
423  3  0.0000000000000000  
424  1  0.0000000000000000  
424  2  0.0000000000000000  
424  3  0.0000000000000000  
425  1  0.0000000000000000  
425  2  0.0000000000000000  
425  3  0.0000000000000000  
426  1  0.0000000000000000  
426  2  0.0000000000000000  
426  3  0.0000000000000000  
427  1  0.0000000000000000  
427  2  0.0000000000000000  
427  3  0.0000000000000000  
428  1  0.0000000000000000  
428  2  0.0000000000000000  
428  3  0.0000000000000000  
429  1  0.0000000000000000  
429  2  0.0000000000000000  
429  3  0.0000000000000000  
430  1  0.0000000000000000  
430  2  0.0000000000000000  
430  3  0.0000000000000000  
431  1  0.0000000000000000  
431  2  0.0000000000000000  
431  3  0.0000000000000000  
432  1  0.0000000000000000  
432  2  0.0000000000000000  
432  3  0.0000000000000000  
433  1  0.0000000000000000  
433  2  0.0000000000000000  
433  3  0.0000000000000000  
434  1  0.0000000000000000  
434  2  0.0000000000000000  
434  3  0.0000000000000000  
435  1  0.0000000000000000  
435  2  0.0000000000000000  
435  3  0.0000000000000000  
436  1  0.0000000000000000  
436  2  0.0000000000000000  
436  3  0.0000000000000000  
437  1  0.0000000000000000  
437  2  0.0000000000000000  
437  3  0.0000000000000000  
438  1  0.0000000000000000  
438  2  0.0000000000000000  
438  3  0.0000000000000000  
439  1  0.0000000000000000  
439  2  0.0000000000000000  
439  3  0.0000000000000000  
440  1  0.0000000000000000  
440  2  0.0000000000000000  
440  3  0.0000000000000000  
441  1  0.0000000000000000  
441  2  0.0000000000000000  
441  3  0.0000000000000000  
442  1  0.0000000000000000  
442  2  0.0000000000000000  
442  3  0.0000000000000000  
443  1  0.0000000000000000  
443  2  0.0000000000000000  
443  3  0.0000000000000000  
444  1  0.0000000000000000  
444  2  0.0000000000000000  
444  3  0.0000000000000000  
445  1  0.0000000000000000  
445  2  0.0000000000000000  
445  3  0.0000000000000000  
446  1  0.0000000000000000  
446  2  0.0000000000000000  
446  3  0.0000000000000000  
447  1  0.0000000000000000  
447  2  0.0000000000000000  
447  3  0.0000000000000000  
448  1  0.0000000000000000  
448  2  0.0000000000000000  
448  3  0.0000000000000000  
449  1  0.0000000000000000  
449  2  0.0000000000000000  
449  3  0.0000000000000000  
450  1  0.0000000000000000  
450  2  0.0000000000000000  
450  3  0.0000000000000000  
451  1  0.0000000000000000  
451  2  0.0000000000000000  
451  3  0.0000000000000000  
452  1  0.0000000000000000  
452  2  0.0000000000000000  
452  3  0.0000000000000000  
453  1  0.0000000000000000  
453  2  0.0000000000000000  
453  3  0.0000000000000000  
454  1  0.0000000000000000  
454  2  0.0000000000000000  
454  3  0.0000000000000000  
455  1  0.0000000000000000  
455  2  0.0000000000000000  
455  3  0.0000000000000000  
456  1  0.0000000000000000  
456  2  0.0000000000000000  
456  3  0.0000000000000000  
457  1  0.0000000000000000  
457  2  0.0000000000000000  
457  3  0.0000000000000000  
458  1  0.0000000000000000  
458  2  0.0000000000000000  
458  3  0.0000000000000000  
459  1  0.0000000000000000  
459  2  0.0000000000000000  
459  3  0.0000000000000000  
460  1  0.0000000000000000  
460  2  0.0000000000000000  
460  3  0.0000000000000000  
461  1  0.0000000000000000  
461  2  0.0000000000000000  
461  3  0.0000000000000000  
462  1  0.0000000000000000  
462  2  0.0000000000000000  
462  3  0.0000000000000000  
463  1  0.0000000000000000  
463  2  0.0000000000000000  
463  3  0.0000000000000000  
464  1  0.0000000000000000  
464  2  0.0000000000000000  
464  3  0.0000000000000000  
465  1  0.0000000000000000  
465  2  0.0000000000000000  
465  3  0.0000000000000000  
466  1  0.0000000000000000  
466  2  0.0000000000000000  
466  3  0.0000000000000000  
467  1  0.0000000000000000  
467  2  0.0000000000000000  
467  3  0.0000000000000000  
468  1  0.0000000000000000  
468  2  0.0000000000000000  
468  3  0.0000000000000000  
469  1  0.0000000000000000  
469  2  0.0000000000000000  
469  3  0.0000000000000000  
470  1  0.0000000000000000  
470  2  0.0000000000000000  
470  3  0.0000000000000000  
471  1  0.0000000000000000  
471  2  0.0000000000000000  
471  3  0.0000000000000000  
472  1  0.0000000000000000  
472  2  0.0000000000000000  
472  3  0.0000000000000000  
473  1  0.0000000000000000  
473  2  0.0000000000000000  
473  3  0.0000000000000000  
474  1  0.0000000000000000  
474  2  0.0000000000000000  
474  3  0.0000000000000000  
475  1  0.0000000000000000  
475  2  0.0000000000000000  
475  3  0.0000000000000000  
476  1  0.0000000000000000  
476  2  0.0000000000000000  
476  3  0.0000000000000000  
477  1  0.0000000000000000  
477  2  0.0000000000000000  
477  3  0.0000000000000000  
478  1  0.0000000000000000  
478  2  0.0000000000000000  
478  3  0.0000000000000000  
479  1  0.0000000000000000  
479  2  0.0000000000000000  
479  3  0.0000000000000000  
480  1  0.0000000000000000  
480  2  0.0000000000000000  
480  3  0.0000000000000000  
481  1  0.0000000000000000  
481  2  0.0000000000000000  
481  3  0.0000000000000000  
482  1  0.0000000000000000  
482  2  0.0000000000000000  
482  3  0.0000000000000000  
483  1  0.0000000000000000  
483  2  0.0000000000000000  
483  3  0.0000000000000000  
484  1  0.0000000000000000  
484  2  0.0000000000000000  
484  3  0.0000000000000000  
485  1  0.0000000000000000  
485  2  0.0000000000000000  
485  3  0.0000000000000000  
486  1  0.0000000000000000  
486  2  0.0000000000000000  
486  3  0.0000000000000000  
487  1  0.0000000000000000  
487  2  0.0000000000000000  
487  3  0.0000000000000000  
488  1  0.0000000000000000  
488  2  0.0000000000000000  
488  3  0.0000000000000000  
489  1  0.0000000000000000  
489  2  0.0000000000000000  
489  3  0.0000000000000000  
490  1  0.0000000000000000  
490  2  0.0000000000000000  
490  3  0.0000000000000000  
491  1  0.0000000000000000  
491  2  0.0000000000000000  
491  3  0.0000000000000000  
492  1  0.0000000000000000  
492  2  0.0000000000000000  
492  3  0.0000000000000000  
493  1  0.0000000000000000  
493  2  0.0000000000000000  
493  3  0.0000000000000000  
494  1  0.0000000000000000  
494  2  0.0000000000000000  
494  3  0.0000000000000000  
495  1  0.0000000000000000  
495  2  0.0000000000000000  
495  3  0.0000000000000000  
496  1  0.0000000000000000  
496  2  0.0000000000000000  
496  3  0.0000000000000000  
497  1  0.0000000000000000  
497  2  0.0000000000000000  
497  3  0.0000000000000000  
498  1  0.0000000000000000  
498  2  0.0000000000000000  
498  3  0.0000000000000000  
499  1  0.0000000000000000  
499  2  0.0000000000000000  
499  3  0.0000000000000000  
500  1  0.0000000000000000  
500  2  0.0000000000000000  
500  3  0.0000000000000000  
501  1  0.0000000000000000  
501  2  0.0000000000000000  
501  3  0.0000000000000000  
502  1  0.0000000000000000  
502  2  0.0000000000000000  
502  3  0.0000000000000000  
503  1  0.0000000000000000  
503  2  0.0000000000000000  
503  3  0.0000000000000000  
504  1  0.0000000000000000  
504  2  0.0000000000000000  
504  3  0.0000000000000000  
505  1  0.0000000000000000  
505  2  0.0000000000000000  
505  3  0.0000000000000000  
506  1  0.0000000000000000  
506  2  0.0000000000000000  
506  3  0.0000000000000000  
507  1  0.0000000000000000  
507  2  0.0000000000000000  
507  3  0.0000000000000000  
508  1  0.0000000000000000  
508  2  0.0000000000000000  
508  3  0.0000000000000000  
509  1  0.0000000000000000  
509  2  0.0000000000000000  
509  3  0.0000000000000000  
510  1  0.0000000000000000  
510  2  0.0000000000000000  
510  3  0.0000000000000000  
511  1  0.0000000000000000  
511  2  0.0000000000000000  
511  3  0.0000000000000000  
512  1  0.0000000000000000  
512  2  0.0000000000000000  
512  3  0.0000000000000000  
513  1  0.0000000000000000  
513  2  0.0000000000000000  
513  3  0.0000000000000000  
514  1  0.0000000000000000  
514  2  0.0000000000000000  
514  3  0.0000000000000000  
515  1  0.0000000000000000  
515  2  0.0000000000000000  
515  3  0.0000000000000000  
516  1  0.0000000000000000  
516  2  0.0000000000000000  
516  3  0.0000000000000000  
517  1  0.0000000000000000  
517  2  0.0000000000000000  
517  3  0.0000000000000000  
518  1  0.0000000000000000  
518  2  0.0000000000000000  
518  3  0.0000000000000000  
519  1  0.0000000000000000  
519  2  0.0000000000000000  
519  3  0.0000000000000000  
520  1  0.0000000000000000  
520  2  0.0000000000000000  
520  3  0.0000000000000000  
521  1  0.0000000000000000  
521  2  0.0000000000000000  
521  3  0.0000000000000000  
522  1  0.0000000000000000  
522  2  0.0000000000000000  
522  3  0.0000000000000000  
523  1  0.0000000000000000  
523  2  0.0000000000000000  
523  3  0.0000000000000000  
524  1  0.0000000000000000  
524  2  0.0000000000000000  
524  3  0.0000000000000000  
525  1  0.0000000000000000  
525  2  0.0000000000000000  
525  3  0.0000000000000000  
526  1  0.0000000000000000  
526  2  0.0000000000000000  
526  3  0.0000000000000000  
527  1  0.0000000000000000  
527  2  0.0000000000000000  
527  3  0.0000000000000000  
528  1  0.0000000000000000  
528  2  0.0000000000000000  
528  3  0.0000000000000000  
529  1  0.0000000000000000  
529  2  0.0000000000000000  
529  3  0.0000000000000000  
530  1  0.0000000000000000  
530  2  0.0000000000000000  
530  3  0.0000000000000000  
531  1  0.0000000000000000  
531  2  0.0000000000000000  
531  3  0.0000000000000000  
532  1  0.0000000000000000  
532  2  0.0000000000000000  
532  3  0.0000000000000000  
533  1  0.0000000000000000  
533  2  0.0000000000000000  
533  3  0.0000000000000000  
534  1  0.0000000000000000  
534  2  0.0000000000000000  
534  3  0.0000000000000000  
535  1  0.0000000000000000  
535  2  0.0000000000000000  
535  3  0.0000000000000000  
536  1  0.0000000000000000  
536  2  0.0000000000000000  
536  3  0.0000000000000000  
537  1  0.0000000000000000  
537  2  0.0000000000000000  
537  3  0.0000000000000000  
538  1  0.0000000000000000  
538  2  0.0000000000000000  
538  3  0.0000000000000000  
539  1  0.0000000000000000  
539  2  0.0000000000000000  
539  3  0.0000000000000000  
540  1  0.0000000000000000  
540  2  0.0000000000000000  
540  3  0.0000000000000000  
541  1  0.0000000000000000  
541  2  0.0000000000000000  
541  3  0.0000000000000000  
542  1  0.0000000000000000  
542  2  0.0000000000000000  
542  3  0.0000000000000000  
543  1  0.0000000000000000  
543  2  0.0000000000000000  
543  3  0.0000000000000000  
544  1  0.0000000000000000  
544  2  0.0000000000000000  
544  3  0.0000000000000000  
545  1  0.0000000000000000  
545  2  0.0000000000000000  
545  3  0.0000000000000000  
546  1  0.0000000000000000  
546  2  0.0000000000000000  
546  3  0.0000000000000000  
547  1  0.0000000000000000  
547  2  0.0000000000000000  
547  3  0.0000000000000000  
548  1  0.0000000000000000  
548  2  0.0000000000000000  
548  3  0.0000000000000000  
549  1  0.0000000000000000  
549  2  0.0000000000000000  
549  3  0.0000000000000000  
550  1  0.0000000000000000  
550  2  0.0000000000000000  
550  3  0.0000000000000000  
551  1  0.0000000000000000  
551  2  0.0000000000000000  
551  3  0.0000000000000000  
552  1  0.0000000000000000  
552  2  0.0000000000000000  
552  3  0.0000000000000000  
553  1  0.0000000000000000  
553  2  0.0000000000000000  
553  3  0.0000000000000000  
554  1  0.0000000000000000  
554  2  0.0000000000000000  
554  3  0.0000000000000000  
555  1  0.0000000000000000  
555  2  0.0000000000000000  
555  3  0.0000000000000000  
556  1  0.0000000000000000  
556  2  0.0000000000000000  
556  3  0.0000000000000000  
557  1  0.0000000000000000  
557  2  0.0000000000000000  
557  3  0.0000000000000000  
558  1  0.0000000000000000  
558  2  0.0000000000000000  
558  3  0.0000000000000000  
559  1  0.0000000000000000  
559  2  0.0000000000000000  
559  3  0.0000000000000000  
560  1  0.0000000000000000  
560  2  0.0000000000000000  
560  3  0.0000000000000000  
561  1  0.0000000000000000  
561  2  0.0000000000000000  
561  3  0.0000000000000000  
562  1  0.0000000000000000  
562  2  0.0000000000000000  
562  3  0.0000000000000000  
563  1  0.0000000000000000  
563  2  0.0000000000000000  
563  3  0.0000000000000000  
564  1  0.0000000000000000  
564  2  0.0000000000000000  
564  3  0.0000000000000000  
565  1  0.0000000000000000  
565  2  0.0000000000000000  
565  3  0.0000000000000000  
566  1  0.0000000000000000  
566  2  0.0000000000000000  
566  3  0.0000000000000000  
567  1  0.0000000000000000  
567  2  0.0000000000000000  
567  3  0.0000000000000000  
568  1  0.0000000000000000  
568  2  0.0000000000000000  
568  3  0.0000000000000000  
569  1  0.0000000000000000  
569  2  0.0000000000000000  
569  3  0.0000000000000000  
570  1  0.0000000000000000  
570  2  0.0000000000000000  
570  3  0.0000000000000000  
571  1  0.0000000000000000  
571  2  0.0000000000000000  
571  3  0.0000000000000000  
572  1  0.0000000000000000  
572  2  0.0000000000000000  
572  3  0.0000000000000000  
573  1  0.0000000000000000  
573  2  0.0000000000000000  
573  3  0.0000000000000000  
574  1  0.0000000000000000  
574  2  0.0000000000000000  
574  3  0.0000000000000000  
575  1  0.0000000000000000  
575  2  0.0000000000000000  
575  3  0.0000000000000000  
576  1  0.0000000000000000  
576  2  0.0000000000000000  
576  3  0.0000000000000000  
577  1  0.0000000000000000  
577  2  0.0000000000000000  
577  3  0.0000000000000000  
578  1  0.0000000000000000  
578  2  0.0000000000000000  
578  3  0.0000000000000000  
579  1  0.0000000000000000  
579  2  0.0000000000000000  
579  3  0.0000000000000000  
580  1  0.0000000000000000  
580  2  0.0000000000000000  
580  3  0.0000000000000000  
581  1  0.0000000000000000  
581  2  0.0000000000000000  
581  3  0.0000000000000000  
582  1  0.0000000000000000  
582  2  0.0000000000000000  
582  3  0.0000000000000000  
583  1  0.0000000000000000  
583  2  0.0000000000000000  
583  3  0.0000000000000000  
584  1  0.0000000000000000  
584  2  0.0000000000000000  
584  3  0.0000000000000000  
585  1  0.0000000000000000  
585  2  0.0000000000000000  
585  3  0.0000000000000000  
586  1  0.0000000000000000  
586  2  0.0000000000000000  
586  3  0.0000000000000000  
587  1  0.0000000000000000  
587  2  0.0000000000000000  
587  3  0.0000000000000000  
588  1  0.0000000000000000  
588  2  0.0000000000000000  
588  3  0.0000000000000000  
589  1  0.0000000000000000  
589  2  0.0000000000000000  
589  3  0.0000000000000000  
590  1  0.0000000000000000  
590  2  0.0000000000000000  
590  3  0.0000000000000000  
591  1  0.0000000000000000  
591  2  0.0000000000000000  
591  3  0.0000000000000000  
592  1  0.0000000000000000  
592  2  0.0000000000000000  
592  3  0.0000000000000000  
593  1  0.0000000000000000  
593  2  0.0000000000000000  
593  3  0.0000000000000000  
594  1  0.0000000000000000  
594  2  0.0000000000000000  
594  3  0.0000000000000000  
595  1  0.0000000000000000  
595  2  0.0000000000000000  
595  3  0.0000000000000000  
596  1  0.0000000000000000  
596  2  0.0000000000000000  
596  3  0.0000000000000000  
597  1  0.0000000000000000  
597  2  0.0000000000000000  
597  3  0.0000000000000000  
598  1  0.0000000000000000  
598  2  0.0000000000000000  
598  3  0.0000000000000000  
599  1  0.0000000000000000  
599  2  0.0000000000000000  
599  3  0.0000000000000000  
600  1  0.0000000000000000  
600  2  0.0000000000000000  
600  3  0.0000000000000000  
601  1  0.0000000000000000  
601  2  0.0000000000000000  
601  3  0.0000000000000000  
602  1  0.0000000000000000  
602  2  0.0000000000000000  
602  3  0.0000000000000000  
603  1  0.0000000000000000  
603  2  0.0000000000000000  
603  3  0.0000000000000000  
604  1  0.0000000000000000  
604  2  0.0000000000000000  
604  3  0.0000000000000000  
605  1  0.0000000000000000  
605  2  0.0000000000000000  
605  3  0.0000000000000000  
606  1  0.0000000000000000  
606  2  0.0000000000000000  
606  3  0.0000000000000000  
607  1  0.0000000000000000  
607  2  0.0000000000000000  
607  3  0.0000000000000000  
608  1  0.0000000000000000  
608  2  0.0000000000000000  
608  3  0.0000000000000000  
609  1  0.0000000000000000  
609  2  0.0000000000000000  
609  3  0.0000000000000000  
610  1  0.0000000000000000  
610  2  0.0000000000000000  
610  3  0.0000000000000000  
611  1  0.0000000000000000  
611  2  0.0000000000000000  
611  3  0.0000000000000000  
612  1  0.0000000000000000  
612  2  0.0000000000000000  
612  3  0.0000000000000000  
613  1  0.0000000000000000  
613  2  0.0000000000000000  
613  3  0.0000000000000000  
614  1  0.0000000000000000  
614  2  0.0000000000000000  
614  3  0.0000000000000000  
615  1  0.0000000000000000  
615  2  0.0000000000000000  
615  3  0.0000000000000000  
616  1  0.0000000000000000  
616  2  0.0000000000000000  
616  3  0.0000000000000000  
617  1  0.0000000000000000  
617  2  0.0000000000000000  
617  3  0.0000000000000000  
618  1  0.0000000000000000  
618  2  0.0000000000000000  
618  3  0.0000000000000000  
619  1  0.0000000000000000  
619  2  0.0000000000000000  
619  3  0.0000000000000000  
620  1  0.0000000000000000  
620  2  0.0000000000000000  
620  3  0.0000000000000000  
621  1  0.0000000000000000  
621  2  0.0000000000000000  
621  3  0.0000000000000000  
622  1  0.0000000000000000  
622  2  0.0000000000000000  
622  3  0.0000000000000000  
623  1  0.0000000000000000  
623  2  0.0000000000000000  
623  3  0.0000000000000000  
624  1  0.0000000000000000  
624  2  0.0000000000000000  
624  3  0.0000000000000000  
625  1  0.0000000000000000  
625  2  0.0000000000000000  
625  3  0.0000000000000000  
626  1  0.0000000000000000  
626  2  0.0000000000000000  
626  3  0.0000000000000000  
627  1  0.0000000000000000  
627  2  0.0000000000000000  
627  3  0.0000000000000000  
628  1  0.0000000000000000  
628  2  0.0000000000000000  
628  3  0.0000000000000000  
629  1  0.0000000000000000  
629  2  0.0000000000000000  
629  3  0.0000000000000000  
630  1  0.0000000000000000  
630  2  0.0000000000000000  
630  3  0.0000000000000000  
631  1  0.0000000000000000  
631  2  0.0000000000000000  
631  3  0.0000000000000000  
632  1  0.0000000000000000  
632  2  0.0000000000000000  
632  3  0.0000000000000000  
633  1  0.0000000000000000  
633  2  0.0000000000000000  
633  3  0.0000000000000000  
634  1  0.0000000000000000  
634  2  0.0000000000000000  
634  3  0.0000000000000000  
635  1  0.0000000000000000  
635  2  0.0000000000000000  
635  3  0.0000000000000000  
636  1  0.0000000000000000  
636  2  0.0000000000000000  
636  3  0.0000000000000000  
637  1  0.0000000000000000  
637  2  0.0000000000000000  
637  3  0.0000000000000000  
638  1  0.0000000000000000  
638  2  0.0000000000000000  
638  3  0.0000000000000000  
639  1  0.0000000000000000  
639  2  0.0000000000000000  
639  3  0.0000000000000000  
640  1  0.0000000000000000  
640  2  0.0000000000000000  
640  3  0.0000000000000000  
641  1  0.0000000000000000  
641  2  0.0000000000000000  
641  3  0.0000000000000000  
642  1  0.0000000000000000  
642  2  0.0000000000000000  
642  3  0.0000000000000000  
643  1  0.0000000000000000  
643  2  0.0000000000000000  
643  3  0.0000000000000000  
644  1  0.0000000000000000  
644  2  0.0000000000000000  
644  3  0.0000000000000000  
645  1  0.0000000000000000  
645  2  0.0000000000000000  
645  3  0.0000000000000000  
646  1  0.0000000000000000  
646  2  0.0000000000000000  
646  3  0.0000000000000000  
647  1  0.0000000000000000  
647  2  0.0000000000000000  
647  3  0.0000000000000000  
648  1  0.0000000000000000  
648  2  0.0000000000000000  
648  3  0.0000000000000000  
649  1  0.0000000000000000  
649  2  0.0000000000000000  
649  3  0.0000000000000000  
650  1  0.0000000000000000  
650  2  0.0000000000000000  
650  3  0.0000000000000000  
651  1  0.0000000000000000  
651  2  0.0000000000000000  
651  3  0.0000000000000000  
652  1  0.0000000000000000  
652  2  0.0000000000000000  
652  3  0.0000000000000000  
653  1  0.0000000000000000  
653  2  0.0000000000000000  
653  3  0.0000000000000000  
654  1  0.0000000000000000  
654  2  0.0000000000000000  
654  3  0.0000000000000000  
655  1  0.0000000000000000  
655  2  0.0000000000000000  
655  3  0.0000000000000000  
656  1  0.0000000000000000  
656  2  0.0000000000000000  
656  3  0.0000000000000000  
657  1  0.0000000000000000  
657  2  0.0000000000000000  
657  3  0.0000000000000000  
658  1  0.0000000000000000  
658  2  0.0000000000000000  
658  3  0.0000000000000000  
659  1  0.0000000000000000  
659  2  0.0000000000000000  
659  3  0.0000000000000000  
660  1  0.0000000000000000  
660  2  0.0000000000000000  
660  3  0.0000000000000000  
661  1  0.0000000000000000  
661  2  0.0000000000000000  
661  3  0.0000000000000000  
662  1  0.0000000000000000  
662  2  0.0000000000000000  
662  3  0.0000000000000000  
663  1  0.0000000000000000  
663  2  0.0000000000000000  
663  3  0.0000000000000000  
664  1  0.0000000000000000  
664  2  0.0000000000000000  
664  3  0.0000000000000000  
665  1  0.0000000000000000  
665  2  0.0000000000000000  
665  3  0.0000000000000000  
666  1  0.0000000000000000  
666  2  0.0000000000000000  
666  3  0.0000000000000000  
667  1  0.0000000000000000  
667  2  0.0000000000000000  
667  3  0.0000000000000000  
668  1  0.0000000000000000  
668  2  0.0000000000000000  
668  3  0.0000000000000000  
669  1  0.0000000000000000  
669  2  0.0000000000000000  
669  3  0.0000000000000000  
670  1  0.0000000000000000  
670  2  0.0000000000000000  
670  3  0.0000000000000000  
671  1  0.0000000000000000  
671  2  0.0000000000000000  
671  3  0.0000000000000000  
672  1  0.0000000000000000  
672  2  0.0000000000000000  
672  3  0.0000000000000000  
673  1  0.0000000000000000  
673  2  0.0000000000000000  
673  3  0.0000000000000000  
674  1  0.0000000000000000  
674  2  0.0000000000000000  
674  3  0.0000000000000000  
675  1  0.0000000000000000  
675  2  0.0000000000000000  
675  3  0.0000000000000000  
676  1  0.0000000000000000  
676  2  0.0000000000000000  
676  3  0.0000000000000000  
677  1  0.0000000000000000  
677  2  0.0000000000000000  
677  3  0.0000000000000000  
678  1  0.0000000000000000  
678  2  0.0000000000000000  
678  3  0.0000000000000000  
679  1  0.0000000000000000  
679  2  0.0000000000000000  
679  3  0.0000000000000000  
680  1  0.0000000000000000  
680  2  0.0000000000000000  
680  3  0.0000000000000000  
681  1  0.0000000000000000  
681  2  0.0000000000000000  
681  3  0.0000000000000000  
682  1  0.0000000000000000  
682  2  0.0000000000000000  
682  3  0.0000000000000000  
683  1  0.0000000000000000  
683  2  0.0000000000000000  
683  3  0.0000000000000000  
684  1  0.0000000000000000  
684  2  0.0000000000000000  
684  3  0.0000000000000000  
685  1  0.0000000000000000  
685  2  0.0000000000000000  
685  3  0.0000000000000000  
686  1  0.0000000000000000  
686  2  0.0000000000000000  
686  3  0.0000000000000000  
687  1  0.0000000000000000  
687  2  0.0000000000000000  
687  3  0.0000000000000000  
688  1  0.0000000000000000  
688  2  0.0000000000000000  
688  3  0.0000000000000000  
689  1  0.0000000000000000  
689  2  0.0000000000000000  
689  3  0.0000000000000000  
690  1  0.0000000000000000  
690  2  0.0000000000000000  
690  3  0.0000000000000000  
691  1  0.0000000000000000  
691  2  0.0000000000000000  
691  3  0.0000000000000000  
692  1  0.0000000000000000  
692  2  0.0000000000000000  
692  3  0.0000000000000000  
693  1  0.0000000000000000  
693  2  0.0000000000000000  
693  3  0.0000000000000000  
694  1  0.0000000000000000  
694  2  0.0000000000000000  
694  3  0.0000000000000000  
695  1  0.0000000000000000  
695  2  0.0000000000000000  
695  3  0.0000000000000000  
696  1  0.0000000000000000  
696  2  0.0000000000000000  
696  3  0.0000000000000000  
697  1  0.0000000000000000  
697  2  0.0000000000000000  
697  3  0.0000000000000000  
698  1  0.0000000000000000  
698  2  0.0000000000000000  
698  3  0.0000000000000000  
699  1  0.0000000000000000  
699  2  0.0000000000000000  
699  3  0.0000000000000000  
700  1  0.0000000000000000  
700  2  0.0000000000000000  
700  3  0.0000000000000000  
701  1  0.0000000000000000  
701  2  0.0000000000000000  
701  3  0.0000000000000000  
702  1  0.0000000000000000  
702  2  0.0000000000000000  
702  3  0.0000000000000000  
703  1  0.0000000000000000  
703  2  0.0000000000000000  
703  3  0.0000000000000000  
704  1  0.0000000000000000  
704  2  0.0000000000000000  
704  3  0.0000000000000000  
705  1  0.0000000000000000  
705  2  0.0000000000000000  
705  3  0.0000000000000000  
706  1  0.0000000000000000  
706  2  0.0000000000000000  
706  3  0.0000000000000000  
707  1  0.0000000000000000  
707  2  0.0000000000000000  
707  3  0.0000000000000000  
708  1  0.0000000000000000  
708  2  0.0000000000000000  
708  3  0.0000000000000000  
709  1  0.0000000000000000  
709  2  0.0000000000000000  
709  3  0.0000000000000000  
710  1  0.0000000000000000  
710  2  0.0000000000000000  
710  3  0.0000000000000000  
711  1  0.0000000000000000  
711  2  0.0000000000000000  
711  3  0.0000000000000000  
712  1  0.0000000000000000  
712  2  0.0000000000000000  
712  3  0.0000000000000000  
713  1  0.0000000000000000  
713  2  0.0000000000000000  
713  3  0.0000000000000000  
714  1  0.0000000000000000  
714  2  0.0000000000000000  
714  3  0.0000000000000000  
715  1  0.0000000000000000  
715  2  0.0000000000000000  
715  3  0.0000000000000000  
716  1  0.0000000000000000  
716  2  0.0000000000000000  
716  3  0.0000000000000000  
717  1  0.0000000000000000  
717  2  0.0000000000000000  
717  3  0.0000000000000000  
718  1  0.0000000000000000  
718  2  0.0000000000000000  
718  3  0.0000000000000000  
719  1  0.0000000000000000  
719  2  0.0000000000000000  
719  3  0.0000000000000000  
720  1  0.0000000000000000  
720  2  0.0000000000000000  
720  3  0.0000000000000000  
721  1  0.0000000000000000  
721  2  0.0000000000000000  
721  3  0.0000000000000000  
722  1  0.0000000000000000  
722  2  0.0000000000000000  
722  3  0.0000000000000000  
723  1  0.0000000000000000  
723  2  0.0000000000000000  
723  3  0.0000000000000000  
724  1  0.0000000000000000  
724  2  0.0000000000000000  
724  3  0.0000000000000000  
725  1  0.0000000000000000  
725  2  0.0000000000000000  
725  3  0.0000000000000000  
726  1  0.0000000000000000  
726  2  0.0000000000000000  
726  3  0.0000000000000000  
727  1  0.0000000000000000  
727  2  0.0000000000000000  
727  3  0.0000000000000000  
728  1  0.0000000000000000  
728  2  0.0000000000000000  
728  3  0.0000000000000000  
729  1  0.0000000000000000  
729  2  0.0000000000000000  
729  3  0.0000000000000000  
730  1  0.0000000000000000  
730  2  0.0000000000000000  
730  3  0.0000000000000000  
731  1  0.0000000000000000  
731  2  0.0000000000000000  
731  3  0.0000000000000000  
732  1  0.0000000000000000  
732  2  0.0000000000000000  
732  3  0.0000000000000000  
733  1  0.0000000000000000  
733  2  0.0000000000000000  
733  3  0.0000000000000000  
734  1  0.0000000000000000  
734  2  0.0000000000000000  
734  3  0.0000000000000000  
735  1  0.0000000000000000  
735  2  0.0000000000000000  
735  3  0.0000000000000000  
736  1  0.0000000000000000  
736  2  0.0000000000000000  
736  3  0.0000000000000000  
737  1  0.0000000000000000  
737  2  0.0000000000000000  
737  3  0.0000000000000000  
738  1  0.0000000000000000  
738  2  0.0000000000000000  
738  3  0.0000000000000000  
739  1  0.0000000000000000  
739  2  0.0000000000000000  
739  3  0.0000000000000000  
740  1  0.0000000000000000  
740  2  0.0000000000000000  
740  3  0.0000000000000000  
741  1  0.0000000000000000  
741  2  0.0000000000000000  
741  3  0.0000000000000000  
742  1  0.0000000000000000  
742  2  0.0000000000000000  
742  3  0.0000000000000000  
743  1  0.0000000000000000  
743  2  0.0000000000000000  
743  3  0.0000000000000000  
744  1  0.0000000000000000  
744  2  0.0000000000000000  
744  3  0.0000000000000000  
745  1  0.0000000000000000  
745  2  0.0000000000000000  
745  3  0.0000000000000000  
746  1  0.0000000000000000  
746  2  0.0000000000000000  
746  3  0.0000000000000000  
747  1  0.0000000000000000  
747  2  0.0000000000000000  
747  3  0.0000000000000000  
748  1  0.0000000000000000  
748  2  0.0000000000000000  
748  3  0.0000000000000000  
749  1  0.0000000000000000  
749  2  0.0000000000000000  
749  3  0.0000000000000000  
750  1  0.0000000000000000  
750  2  0.0000000000000000  
750  3  0.0000000000000000  
751  1  0.0000000000000000  
751  2  0.0000000000000000  
751  3  0.0000000000000000  
752  1  0.0000000000000000  
752  2  0.0000000000000000  
752  3  0.0000000000000000  
753  1  0.0000000000000000  
753  2  0.0000000000000000  
753  3  0.0000000000000000  
754  1  0.0000000000000000  
754  2  0.0000000000000000  
754  3  0.0000000000000000  
755  1  0.0000000000000000  
755  2  0.0000000000000000  
755  3  0.0000000000000000  
756  1  0.0000000000000000  
756  2  0.0000000000000000  
756  3  0.0000000000000000  
757  1  0.0000000000000000  
757  2  0.0000000000000000  
757  3  0.0000000000000000  
758  1  0.0000000000000000  
758  2  0.0000000000000000  
758  3  0.0000000000000000  
759  1  0.0000000000000000  
759  2  0.0000000000000000  
759  3  0.0000000000000000  
760  1  0.0000000000000000  
760  2  0.0000000000000000  
760  3  0.0000000000000000  
761  1  0.0000000000000000  
761  2  0.0000000000000000  
761  3  0.0000000000000000  
762  1  0.0000000000000000  
762  2  0.0000000000000000  
762  3  0.0000000000000000  
763  1  0.0000000000000000  
763  2  0.0000000000000000  
763  3  0.0000000000000000  
764  1  0.0000000000000000  
764  2  0.0000000000000000  
764  3  0.0000000000000000  
765  1  0.0000000000000000  
765  2  0.0000000000000000  
765  3  0.0000000000000000  
766  1  0.0000000000000000  
766  2  0.0000000000000000  
766  3  0.0000000000000000  
767  1  0.0000000000000000  
767  2  0.0000000000000000  
767  3  0.0000000000000000  
768  1  0.0000000000000000  
768  2  0.0000000000000000  
768  3  0.0000000000000000  
769  1  0.0000000000000000  
769  2  0.0000000000000000  
769  3  0.0000000000000000  
770  1  0.0000000000000000  
770  2  0.0000000000000000  
770  3  0.0000000000000000  
771  1  0.0000000000000000  
771  2  0.0000000000000000  
771  3  0.0000000000000000  
772  1  0.0000000000000000  
772  2  0.0000000000000000  
772  3  0.0000000000000000  
773  1  0.0000000000000000  
773  2  0.0000000000000000  
773  3  0.0000000000000000  
774  1  0.0000000000000000  
774  2  0.0000000000000000  
774  3  0.0000000000000000  
775  1  0.0000000000000000  
775  2  0.0000000000000000  
775  3  0.0000000000000000  
776  1  0.0000000000000000  
776  2  0.0000000000000000  
776  3  0.0000000000000000  
777  1  0.0000000000000000  
777  2  0.0000000000000000  
777  3  0.0000000000000000  
778  1  0.0000000000000000  
778  2  0.0000000000000000  
778  3  0.0000000000000000  
779  1  0.0000000000000000  
779  2  0.0000000000000000  
779  3  0.0000000000000000  
780  1  0.0000000000000000  
780  2  0.0000000000000000  
780  3  0.0000000000000000  
781  1  0.0000000000000000  
781  2  0.0000000000000000  
781  3  0.0000000000000000  
782  1  0.0000000000000000  
782  2  0.0000000000000000  
782  3  0.0000000000000000  
783  1  0.0000000000000000  
783  2  0.0000000000000000  
783  3  0.0000000000000000  
784  1  0.0000000000000000  
784  2  0.0000000000000000  
784  3  0.0000000000000000  
785  1  0.0000000000000000  
785  2  0.0000000000000000  
785  3  0.0000000000000000  
786  1  0.0000000000000000  
786  2  0.0000000000000000  
786  3  0.0000000000000000  
787  1  0.0000000000000000  
787  2  0.0000000000000000  
787  3  0.0000000000000000  
788  1  0.0000000000000000  
788  2  0.0000000000000000  
788  3  0.0000000000000000  
789  1  0.0000000000000000  
789  2  0.0000000000000000  
789  3  0.0000000000000000  
790  1  0.0000000000000000  
790  2  0.0000000000000000  
790  3  0.0000000000000000  
791  1  0.0000000000000000  
791  2  0.0000000000000000  
791  3  0.0000000000000000  
792  1  0.0000000000000000  
792  2  0.0000000000000000  
792  3  0.0000000000000000  
793  1  0.0000000000000000  
793  2  0.0000000000000000  
793  3  0.0000000000000000  
794  1  0.0000000000000000  
794  2  0.0000000000000000  
794  3  0.0000000000000000  
795  1  0.0000000000000000  
795  2  0.0000000000000000  
795  3  0.0000000000000000  
796  1  0.0000000000000000  
796  2  0.0000000000000000  
796  3  0.0000000000000000  
797  1  0.0000000000000000  
797  2  0.0000000000000000  
797  3  0.0000000000000000  
798  1  0.0000000000000000  
798  2  0.0000000000000000  
798  3  0.0000000000000000  
799  1  0.0000000000000000  
799  2  0.0000000000000000  
799  3  0.0000000000000000  
800  1  0.0000000000000000  
800  2  0.0000000000000000  
800  3  0.0000000000000000  
801  1  0.0000000000000000  
801  2  0.0000000000000000  
801  3  0.0000000000000000  
802  1  0.0000000000000000  
802  2  0.0000000000000000  
802  3  0.0000000000000000  
803  1  0.0000000000000000  
803  2  0.0000000000000000  
803  3  0.0000000000000000  
804  1  0.0000000000000000  
804  2  0.0000000000000000  
804  3  0.0000000000000000  
805  1  0.0000000000000000  
805  2  0.0000000000000000  
805  3  0.0000000000000000  
806  1  0.0000000000000000  
806  2  0.0000000000000000  
806  3  0.0000000000000000  
807  1  0.0000000000000000  
807  2  0.0000000000000000  
807  3  0.0000000000000000  
808  1  0.0000000000000000  
808  2  0.0000000000000000  
808  3  0.0000000000000000  
809  1  0.0000000000000000  
809  2  0.0000000000000000  
809  3  0.0000000000000000  
810  1  0.0000000000000000  
810  2  0.0000000000000000  
810  3  0.0000000000000000  
811  1  0.0000000000000000  
811  2  0.0000000000000000  
811  3  0.0000000000000000  
812  1  0.0000000000000000  
812  2  0.0000000000000000  
812  3  0.0000000000000000  
813  1  0.0000000000000000  
813  2  0.0000000000000000  
813  3  0.0000000000000000  
814  1  0.0000000000000000  
814  2  0.0000000000000000  
814  3  0.0000000000000000  
815  1  0.0000000000000000  
815  2  0.0000000000000000  
815  3  0.0000000000000000  
816  1  0.0000000000000000  
816  2  0.0000000000000000  
816  3  0.0000000000000000  
817  1  0.0000000000000000  
817  2  0.0000000000000000  
817  3  0.0000000000000000  
818  1  0.0000000000000000  
818  2  0.0000000000000000  
818  3  0.0000000000000000  
819  1  0.0000000000000000  
819  2  0.0000000000000000  
819  3  0.0000000000000000  
820  1  0.0000000000000000  
820  2  0.0000000000000000  
820  3  0.0000000000000000  
821  1  0.0000000000000000  
821  2  0.0000000000000000  
821  3  0.0000000000000000  
822  1  0.0000000000000000  
822  2  0.0000000000000000  
822  3  0.0000000000000000  
823  1  0.0000000000000000  
823  2  0.0000000000000000  
823  3  0.0000000000000000  
824  1  0.0000000000000000  
824  2  0.0000000000000000  
824  3  0.0000000000000000  
825  1  0.0000000000000000  
825  2  0.0000000000000000  
825  3  0.0000000000000000  
826  1  0.0000000000000000  
826  2  0.0000000000000000  
826  3  0.0000000000000000  
827  1  0.0000000000000000  
827  2  0.0000000000000000  
827  3  0.0000000000000000  
828  1  0.0000000000000000  
828  2  0.0000000000000000  
828  3  0.0000000000000000  
829  1  0.0000000000000000  
829  2  0.0000000000000000  
829  3  0.0000000000000000  
830  1  0.0000000000000000  
830  2  0.0000000000000000  
830  3  0.0000000000000000  
831  1  0.0000000000000000  
831  2  0.0000000000000000  
831  3  0.0000000000000000  
832  1  0.0000000000000000  
832  2  0.0000000000000000  
832  3  0.0000000000000000  
833  1  0.0000000000000000  
833  2  0.0000000000000000  
833  3  0.0000000000000000  
834  1  0.0000000000000000  
834  2  0.0000000000000000  
834  3  0.0000000000000000  
835  1  0.0000000000000000  
835  2  0.0000000000000000  
835  3  0.0000000000000000  
836  1  0.0000000000000000  
836  2  0.0000000000000000  
836  3  0.0000000000000000  
837  1  0.0000000000000000  
837  2  0.0000000000000000  
837  3  0.0000000000000000  
838  1  0.0000000000000000  
838  2  0.0000000000000000  
838  3  0.0000000000000000  
839  1  0.0000000000000000  
839  2  0.0000000000000000  
839  3  0.0000000000000000  
840  1  0.0000000000000000  
840  2  0.0000000000000000  
840  3  0.0000000000000000  
841  1  0.0000000000000000  
841  2  0.0000000000000000  
841  3  0.0000000000000000  
842  1  0.0000000000000000  
842  2  0.0000000000000000  
842  3  0.0000000000000000  
843  1  0.0000000000000000  
843  2  0.0000000000000000  
843  3  0.0000000000000000  
844  1  0.0000000000000000  
844  2  0.0000000000000000  
844  3  0.0000000000000000  
845  1  0.0000000000000000  
845  2  0.0000000000000000  
845  3  0.0000000000000000  
846  1  0.0000000000000000  
846  2  0.0000000000000000  
846  3  0.0000000000000000  
847  1  0.0000000000000000  
847  2  0.0000000000000000  
847  3  0.0000000000000000  
848  1  0.0000000000000000  
848  2  0.0000000000000000  
848  3  0.0000000000000000  
849  1  0.0000000000000000  
849  2  0.0000000000000000  
849  3  0.0000000000000000  
850  1  0.0000000000000000  
850  2  0.0000000000000000  
850  3  0.0000000000000000  
851  1  0.0000000000000000  
851  2  0.0000000000000000  
851  3  0.0000000000000000  
852  1  0.0000000000000000  
852  2  0.0000000000000000  
852  3  0.0000000000000000  
853  1  0.0000000000000000  
853  2  0.0000000000000000  
853  3  0.0000000000000000  
854  1  0.0000000000000000  
854  2  0.0000000000000000  
854  3  0.0000000000000000  
855  1  0.0000000000000000  
855  2  0.0000000000000000  
855  3  0.0000000000000000  
856  1  0.0000000000000000  
856  2  0.0000000000000000  
856  3  0.0000000000000000  
857  1  0.0000000000000000  
857  2  0.0000000000000000  
857  3  0.0000000000000000  
858  1  0.0000000000000000  
858  2  0.0000000000000000  
858  3  0.0000000000000000  
859  1  0.0000000000000000  
859  2  0.0000000000000000  
859  3  0.0000000000000000  
860  1  0.0000000000000000  
860  2  0.0000000000000000  
860  3  0.0000000000000000  
861  1  0.0000000000000000  
861  2  0.0000000000000000  
861  3  0.0000000000000000  
862  1  0.0000000000000000  
862  2  0.0000000000000000  
862  3  0.0000000000000000  
863  1  0.0000000000000000  
863  2  0.0000000000000000  
863  3  0.0000000000000000  
864  1  0.0000000000000000  
864  2  0.0000000000000000  
864  3  0.0000000000000000  
865  1  0.0000000000000000  
865  2  0.0000000000000000  
865  3  0.0000000000000000  
866  1  0.0000000000000000  
866  2  0.0000000000000000  
866  3  0.0000000000000000  
867  1  0.0000000000000000  
867  2  0.0000000000000000  
867  3  0.0000000000000000  
868  1  0.0000000000000000  
868  2  0.0000000000000000  
868  3  0.0000000000000000  
869  1  0.0000000000000000  
869  2  0.0000000000000000  
869  3  0.0000000000000000  
870  1  0.0000000000000000  
870  2  0.0000000000000000  
870  3  0.0000000000000000  
871  1  0.0000000000000000  
871  2  0.0000000000000000  
871  3  0.0000000000000000  
872  1  0.0000000000000000  
872  2  0.0000000000000000  
872  3  0.0000000000000000  
873  1  0.0000000000000000  
873  2  0.0000000000000000  
873  3  0.0000000000000000  
874  1  0.0000000000000000  
874  2  0.0000000000000000  
874  3  0.0000000000000000  
875  1  0.0000000000000000  
875  2  0.0000000000000000  
875  3  0.0000000000000000  
876  1  0.0000000000000000  
876  2  0.0000000000000000  
876  3  0.0000000000000000  
877  1  0.0000000000000000  
877  2  0.0000000000000000  
877  3  0.0000000000000000  
878  1  0.0000000000000000  
878  2  0.0000000000000000  
878  3  0.0000000000000000  
879  1  0.0000000000000000  
879  2  0.0000000000000000  
879  3  0.0000000000000000  
880  1  0.0000000000000000  
880  2  0.0000000000000000  
880  3  0.0000000000000000  
881  1  0.0000000000000000  
881  2  0.0000000000000000  
881  3  0.0000000000000000  
882  1  0.0000000000000000  
882  2  0.0000000000000000  
882  3  0.0000000000000000  
883  1  0.0000000000000000  
883  2  0.0000000000000000  
883  3  0.0000000000000000  
884  1  0.0000000000000000  
884  2  0.0000000000000000  
884  3  0.0000000000000000  
885  1  0.0000000000000000  
885  2  0.0000000000000000  
885  3  0.0000000000000000  
886  1  0.0000000000000000  
886  2  0.0000000000000000  
886  3  0.0000000000000000  
887  1  0.0000000000000000  
887  2  0.0000000000000000  
887  3  0.0000000000000000  
888  1  0.0000000000000000  
888  2  0.0000000000000000  
888  3  0.0000000000000000  
889  1  0.0000000000000000  
889  2  0.0000000000000000  
889  3  0.0000000000000000  
890  1  0.0000000000000000  
890  2  0.0000000000000000  
890  3  0.0000000000000000  
891  1  0.0000000000000000  
891  2  0.0000000000000000  
891  3  0.0000000000000000  
892  1  0.0000000000000000  
892  2  0.0000000000000000  
892  3  0.0000000000000000  
893  1  0.0000000000000000  
893  2  0.0000000000000000  
893  3  0.0000000000000000  
894  1  0.0000000000000000  
894  2  0.0000000000000000  
894  3  0.0000000000000000  
895  1  0.0000000000000000  
895  2  0.0000000000000000  
895  3  0.0000000000000000  
896  1  0.0000000000000000  
896  2  0.0000000000000000  
896  3  0.0000000000000000  
897  1  0.0000000000000000  
897  2  0.0000000000000000  
897  3  0.0000000000000000  
898  1  0.0000000000000000  
898  2  0.0000000000000000  
898  3  0.0000000000000000  
899  1  0.0000000000000000  
899  2  0.0000000000000000  
899  3  0.0000000000000000  
900  1  0.0000000000000000  
900  2  0.0000000000000000  
900  3  0.0000000000000000  
901  1  0.0000000000000000  
901  2  0.0000000000000000  
901  3  0.0000000000000000  
902  1  0.0000000000000000  
902  2  0.0000000000000000  
902  3  0.0000000000000000  
903  1  0.0000000000000000  
903  2  0.0000000000000000  
903  3  0.0000000000000000  
904  1  0.0000000000000000  
904  2  0.0000000000000000  
904  3  0.0000000000000000  
905  1  0.0000000000000000  
905  2  0.0000000000000000  
905  3  0.0000000000000000  
906  1  0.0000000000000000  
906  2  0.0000000000000000  
906  3  0.0000000000000000  
907  1  0.0000000000000000  
907  2  0.0000000000000000  
907  3  0.0000000000000000  
908  1  0.0000000000000000  
908  2  0.0000000000000000  
908  3  0.0000000000000000  
909  1  0.0000000000000000  
909  2  0.0000000000000000  
909  3  0.0000000000000000  
910  1  0.0000000000000000  
910  2  0.0000000000000000  
910  3  0.0000000000000000  
911  1  0.0000000000000000  
911  2  0.0000000000000000  
911  3  0.0000000000000000  
912  1  0.0000000000000000  
912  2  0.0000000000000000  
912  3  0.0000000000000000  
913  1  0.0000000000000000  
913  2  0.0000000000000000  
913  3  0.0000000000000000  
914  1  0.0000000000000000  
914  2  0.0000000000000000  
914  3  0.0000000000000000  
915  1  0.0000000000000000  
915  2  0.0000000000000000  
915  3  0.0000000000000000  
916  1  0.0000000000000000  
916  2  0.0000000000000000  
916  3  0.0000000000000000  
917  1  0.0000000000000000  
917  2  0.0000000000000000  
917  3  0.0000000000000000  
918  1  0.0000000000000000  
918  2  0.0000000000000000  
918  3  0.0000000000000000  
919  1  0.0000000000000000  
919  2  0.0000000000000000  
919  3  0.0000000000000000  
920  1  0.0000000000000000  
920  2  0.0000000000000000  
920  3  0.0000000000000000  
921  1  0.0000000000000000  
921  2  0.0000000000000000  
921  3  0.0000000000000000  
922  1  0.0000000000000000  
922  2  0.0000000000000000  
922  3  0.0000000000000000  
923  1  0.0000000000000000  
923  2  0.0000000000000000  
923  3  0.0000000000000000  
924  1  0.0000000000000000  
924  2  0.0000000000000000  
924  3  0.0000000000000000  
925  1  0.0000000000000000  
925  2  0.0000000000000000  
925  3  0.0000000000000000  
926  1  0.0000000000000000  
926  2  0.0000000000000000  
926  3  0.0000000000000000  
927  1  0.0000000000000000  
927  2  0.0000000000000000  
927  3  0.0000000000000000  
928  1  0.0000000000000000  
928  2  0.0000000000000000  
928  3  0.0000000000000000  
929  1  0.0000000000000000  
929  2  0.0000000000000000  
929  3  0.0000000000000000  
930  1  0.0000000000000000  
930  2  0.0000000000000000  
930  3  0.0000000000000000  
931  1  0.0000000000000000  
931  2  0.0000000000000000  
931  3  0.0000000000000000  
932  1  0.0000000000000000  
932  2  0.0000000000000000  
932  3  0.0000000000000000  
933  1  0.0000000000000000  
933  2  0.0000000000000000  
933  3  0.0000000000000000  
934  1  0.0000000000000000  
934  2  0.0000000000000000  
934  3  0.0000000000000000  
935  1  0.0000000000000000  
935  2  0.0000000000000000  
935  3  0.0000000000000000  
936  1  0.0000000000000000  
936  2  0.0000000000000000  
936  3  0.0000000000000000  
937  1  0.0000000000000000  
937  2  0.0000000000000000  
937  3  0.0000000000000000  
938  1  0.0000000000000000  
938  2  0.0000000000000000  
938  3  0.0000000000000000  
939  1  0.0000000000000000  
939  2  0.0000000000000000  
939  3  0.0000000000000000  
940  1  0.0000000000000000  
940  2  0.0000000000000000  
940  3  0.0000000000000000  
941  1  0.0000000000000000  
941  2  0.0000000000000000  
941  3  0.0000000000000000  
942  1  0.0000000000000000  
942  2  0.0000000000000000  
942  3  0.0000000000000000  
943  1  0.0000000000000000  
943  2  0.0000000000000000  
943  3  0.0000000000000000  
944  1  0.0000000000000000  
944  2  0.0000000000000000  
944  3  0.0000000000000000  
945  1  0.0000000000000000  
945  2  0.0000000000000000  
945  3  0.0000000000000000  
946  1  0.0000000000000000  
946  2  0.0000000000000000  
946  3  0.0000000000000000  
947  1  0.0000000000000000  
947  2  0.0000000000000000  
947  3  0.0000000000000000  
948  1  0.0000000000000000  
948  2  0.0000000000000000  
948  3  0.0000000000000000  
949  1  0.0000000000000000  
949  2  0.0000000000000000  
949  3  0.0000000000000000  
950  1  0.0000000000000000  
950  2  0.0000000000000000  
950  3  0.0000000000000000  
951  1  0.0000000000000000  
951  2  0.0000000000000000  
951  3  0.0000000000000000  
952  1  0.0000000000000000  
952  2  0.0000000000000000  
952  3  0.0000000000000000  
953  1  0.0000000000000000  
953  2  0.0000000000000000  
953  3  0.0000000000000000  
954  1  0.0000000000000000  
954  2  0.0000000000000000  
954  3  0.0000000000000000  
955  1  0.0000000000000000  
955  2  0.0000000000000000  
955  3  0.0000000000000000  
956  1  0.0000000000000000  
956  2  0.0000000000000000  
956  3  0.0000000000000000  
957  1  0.0000000000000000  
957  2  0.0000000000000000  
957  3  0.0000000000000000  
958  1  0.0000000000000000  
958  2  0.0000000000000000  
958  3  0.0000000000000000  
959  1  0.0000000000000000  
959  2  0.0000000000000000  
959  3  0.0000000000000000  
960  1  0.0000000000000000  
960  2  0.0000000000000000  
960  3  0.0000000000000000  
961  1  0.0000000000000000  
961  2  0.0000000000000000  
961  3  0.0000000000000000  
962  1  0.0000000000000000  
962  2  0.0000000000000000  
962  3  0.0000000000000000  
963  1  0.0000000000000000  
963  2  0.0000000000000000  
963  3  0.0000000000000000  
964  1  0.0000000000000000  
964  2  0.0000000000000000  
964  3  0.0000000000000000  
965  1  0.0000000000000000  
965  2  0.0000000000000000  
965  3  0.0000000000000000  
966  1  0.0000000000000000  
966  2  0.0000000000000000  
966  3  0.0000000000000000  
967  1  0.0000000000000000  
967  2  0.0000000000000000  
967  3  0.0000000000000000  
968  1  0.0000000000000000  
968  2  0.0000000000000000  
968  3  0.0000000000000000  
969  1  0.0000000000000000  
969  2  0.0000000000000000  
969  3  0.0000000000000000  
970  1  0.0000000000000000  
970  2  0.0000000000000000  
970  3  0.0000000000000000  
971  1  0.0000000000000000  
971  2  0.0000000000000000  
971  3  0.0000000000000000  
972  1  0.0000000000000000  
972  2  0.0000000000000000  
972  3  0.0000000000000000  
973  1  0.0000000000000000  
973  2  0.0000000000000000  
973  3  0.0000000000000000  
974  1  0.0000000000000000  
974  2  0.0000000000000000  
974  3  0.0000000000000000  
975  1  0.0000000000000000  
975  2  0.0000000000000000  
975  3  0.0000000000000000  
976  1  0.0000000000000000  
976  2  0.0000000000000000  
976  3  0.0000000000000000  
977  1  0.0000000000000000  
977  2  0.0000000000000000  
977  3  0.0000000000000000  
978  1  0.0000000000000000  
978  2  0.0000000000000000  
978  3  0.0000000000000000  
979  1  0.0000000000000000  
979  2  0.0000000000000000  
979  3  0.0000000000000000  
980  1  0.0000000000000000  
980  2  0.0000000000000000  
980  3  0.0000000000000000  
981  1  0.0000000000000000  
981  2  0.0000000000000000  
981  3  0.0000000000000000  
982  1  0.0000000000000000  
982  2  0.0000000000000000  
982  3  0.0000000000000000  
983  1  0.0000000000000000  
983  2  0.0000000000000000  
983  3  0.0000000000000000  
984  1  0.0000000000000000  
984  2  0.0000000000000000  
984  3  0.0000000000000000  
985  1  0.0000000000000000  
985  2  0.0000000000000000  
985  3  0.0000000000000000  
986  1  0.0000000000000000  
986  2  0.0000000000000000  
986  3  0.0000000000000000  
987  1  0.0000000000000000  
987  2  0.0000000000000000  
987  3  0.0000000000000000  
988  1  0.0000000000000000  
988  2  0.0000000000000000  
988  3  0.0000000000000000  
989  1  0.0000000000000000  
989  2  0.0000000000000000  
989  3  0.0000000000000000  
990  1  0.0000000000000000  
990  2  0.0000000000000000  
990  3  0.0000000000000000  
991  1  0.0000000000000000  
991  2  0.0000000000000000  
991  3  0.0000000000000000  
992  1  0.0000000000000000  
992  2  0.0000000000000000  
992  3  0.0000000000000000  
993  1  0.0000000000000000  
993  2  0.0000000000000000  
993  3  0.0000000000000000  
994  1  0.0000000000000000  
994  2  0.0000000000000000  
994  3  0.0000000000000000  
995  1  0.0000000000000000  
995  2  0.0000000000000000  
995  3  0.0000000000000000  
996  1  0.0000000000000000  
996  2  0.0000000000000000  
996  3  0.0000000000000000  
997  1  0.0000000000000000  
997  2  0.0000000000000000  
997  3  0.0000000000000000  
998  1  0.0000000000000000  
998  2  0.0000000000000000  
998  3  0.0000000000000000  
999  1  0.0000000000000000  
999  2  0.0000000000000000  
999  3  0.0000000000000000  
1000  1  0.0000000000000000  
1000  2  0.0000000000000000  
1000  3  0.0000000000000000  